Solid Edge Translation To 3MF
Date: Wednesday,November 26,2025 04:23PM
Output File: C:\Users\morta\Desktop\1ºmaster\Electronica\proyecto\solid\tapa.3mf
Author: Unknown
Organization: Unknown
Source System: SOLID EDGE

Hardware:
Processor: AMD Ryzen 7 7735U with Radeon Graphics         
Operating System: Windows 10
Installed Memory: 15.24 GB

Software Information:
Parasolid Version: 36.1.224
PSBodyshop Version: 36.1.127
3MF Adapter Version: 13.0.193
Solid Edge Version: 224.00.11.004 x64

3MF Export Options
Export Construction Solids:Off
Export Displayed Parts:Off
Enable Logging:On
AllowInvalid3mfObjects:Off
Export Flatten Assembly:On
Export Units:Millimeters
Export Tolerance Value:1.250000
Export Tolerance Type:Custom
Export Surface Plane Angle Value:0.523599
Export Author:Unknown
Export Description:Unknown
Export Organization:Unknown
Export Program Name:Unknown

Translation progress:
Phase 1 of 1 Translating Parasolid to foreign data types...
Translation process completed
Time required to translate:00 : 00 : 00
